<?xml version="1.0" encoding="UTF-8"?>
<!-- Generated by org.testng.reporters.JUnitXMLReporter -->
<testsuite ignored="0" hostname="ASCINLAP60757" failures="0" tests="3" name="Default test" time="31.866" errors="0" timestamp="2024-11-08T16:43:19 IST">
  <testcase classname="tests.OdysseyTests" name="testCreateAccount" time="23.225"/>
  <testcase classname="tests.OdysseyTests" name="testLogout" time="4.393"/>
  <testcase classname="tests.OdysseyTests" name="testLogin" time="4.165"/>
</testsuite> <!-- Default test -->
