<?xml version="1.0" encoding="UTF-8"?>
<testng-results ignored="0" total="3" passed="3" failed="0" skipped="0">
  <reporter-output>
  </reporter-output>
  <suite started-at="2024-11-08T16:42:47 IST" name="Default suite" finished-at="2024-11-08T16:43:19 IST" duration-ms="31866">
    <groups>
    </groups>
    <test started-at="2024-11-08T16:42:47 IST" name="Default test" finished-at="2024-11-08T16:43:19 IST" duration-ms="31866">
      <class name="tests.OdysseyTests">
        <test-method is-config="true" signature="setup()[pri:0, instance:tests.OdysseyTests@475c9c31]" started-at="2024-11-08T16:42:41 IST" name="setup" finished-at="2024-11-08T16:42:47 IST" duration-ms="5953" status="PASS">
          <reporter-output>
          </reporter-output>
        </test-method> <!-- setup -->
        <test-method signature="testCreateAccount()[pri:0, instance:tests.OdysseyTests@475c9c31]" started-at="2024-11-08T16:42:47 IST" name="testCreateAccount" finished-at="2024-11-08T16:43:10 IST" duration-ms="23225" status="PASS">
          <reporter-output>
          </reporter-output>
        </test-method> <!-- testCreateAccount -->
        <test-method signature="testLogout()[pri:0, instance:tests.OdysseyTests@475c9c31]" started-at="2024-11-08T16:43:10 IST" name="testLogout" finished-at="2024-11-08T16:43:15 IST" depends-on-methods="tests.OdysseyTests.testCreateAccount" duration-ms="4393" status="PASS">
          <reporter-output>
          </reporter-output>
        </test-method> <!-- testLogout -->
        <test-method signature="testLogin()[pri:0, instance:tests.OdysseyTests@475c9c31]" started-at="2024-11-08T16:43:15 IST" name="testLogin" finished-at="2024-11-08T16:43:19 IST" depends-on-methods="tests.OdysseyTests.testLogout" duration-ms="4165" status="PASS">
          <reporter-output>
          </reporter-output>
        </test-method> <!-- testLogin -->
        <test-method is-config="true" signature="tearDown()[pri:0, instance:tests.OdysseyTests@475c9c31]" started-at="2024-11-08T16:43:19 IST" name="tearDown" finished-at="2024-11-08T16:43:20 IST" duration-ms="1039" status="PASS">
          <reporter-output>
          </reporter-output>
        </test-method> <!-- tearDown -->
      </class> <!-- tests.OdysseyTests -->
    </test> <!-- Default test -->
  </suite> <!-- Default suite -->
</testng-results>
